C51 COMPILER V9.53.0.0   EFM8BB3_UART_INTERRUPT                                            05/07/2017 15:44:57 PAGE 1   


C51 COMPILER V9.53.0.0, COMPILATION OF MODULE EFM8BB3_UART_INTERRUPT
OBJECT MODULE PLACED IN .\src/EFM8BB3_UART_Interrupt.OBJ
COMPILER INVOKED BY: Z:\Applications\Simplicity Studio.app\Contents\Eclipse\developer\toolchains\keil_8051\9.53\BIN\C51.
                    -exe /Users/rafi/SimplicityStudio/v4_workspace/UARTisticFucK/src/EFM8BB3_UART_Interrupt.c OMF2 SMALL DEBUG OBJECTEXTEND R
                    -OM(LARGE) WARNINGLEVEL(2) FLOATFUZZY(3) OPTIMIZE(8,SPEED) DEFINE(DEBUG=1) INTVECTOR(0X0000) INTPROMOTE INCDIR(/Users/raf
                    -i/SimplicityStudio/v4_workspace/UARTisticFucK/inc;/Users/rafi/SimplicityStudio/v4_workspace/UARTisticFucK/inc/config;/Ap
                    -plications/Simplicity Studio.app/Contents/Eclipse/developer/sdks/8051/v4.0.3//Device/EFM8BB3/peripheral_driver/inc;/Appl
                    -ications/Simplicity Studio.app/Contents/Eclipse/developer/sdks/8051/v4.0.3//kits/common/bsp;/Applications/Simplicity Stu
                    -dio.app/Contents/Eclipse/developer/sdks/8051/v4.0.3//kits/EFM8BB3_SLSTK2022A/config;/Applications/Simplicity Studio.app/
                    -Contents/Eclipse/developer/sdks/8051/v4.0.3//kits/common/drivers/efm8_memory_lcd/inc;/Applications/Simplicity Studio.app
                    -/Contents/Eclipse/developer/sdks/8051/v4.0.3//kits/common/drivers/efm8_memory_lcd/inc/graphics;/Applications/Simplicity 
                    -Studio.app/Contents/Eclipse/developer/sdks/8051/v4.0.3//kits/common/drivers/efm8_memory_lcd/inc/config;/Applications/Sim
                    -plicity Studio.app/Contents/Eclipse/developer/sdks/8051/v4.0.3//kits/common/drivers/efm8_joystick;/Applications/Simplici
                    -ty Studio.app/Contents/Eclipse/developer/sdks/8051/v4.0.3//kits/common/drivers/efm8_rgb_led;/Applications/Simplicity Stu
                    -dio.app/Contents/Eclipse/developer/sdks/8051/v4.0.3//Device/shared/si8051base;/Applications/Simplicity Studio.app/Conten
                    -ts/Eclipse/developer/sdks/8051/v4.0.3//Device/EFM8BB3/inc;/Applications/Simplicity Studio.app/Contents/Eclipse/developer
                    -/sdks/8051/v4.0.3//kits/common/drivers/efm8_retargetserial) PRINT(.\src/EFM8BB3_UART_Interrupt.lst) COND PAGEWIDTH(120) 
                    -PAGELENGTH(65) OBJECT(.\src/EFM8BB3_UART_Interrupt.OBJ)

line level    source

   1          //-----------------------------------------------------------------------------
   2          // EFM8BB3_UART0_Interrupt.c
   3          //-----------------------------------------------------------------------------
   4          // Copyright 2014 Silicon Laboratories, Inc.
   5          // http://developer.silabs.com/legal/version/v11/Silicon_Labs_Software_License_Agreement.txt
   6          //
   7          // Program Description:
   8          //
   9          // This program demonstrates how to configure the EFM8BB3 to write to and
  10          // read from the UART0 interface. The program reads a word using the UART0
  11          // interrupt and outputs that word to the screen, with all characters in
  12          // uppercase.
  13          //
  14          // Resources:
  15          //   SYSCLK - 24.5 MHz HFOSC0 / 1
  16          //   UART0  - 115200 baud, 8-N-1
  17          //   Timer1 - UART0 clock source
  18          //   P0.4   - UART0 TX
  19          //   P0.5   - UART0 RX
  20          //   P2.2   - Board Controller enable
  21          //   P3.4   - Display enable
  22          //
  23          //-----------------------------------------------------------------------------
  24          // How To Test: EFM8BB3 STK
  25          //-----------------------------------------------------------------------------
  26          // 1) Place the switch in "AEM" mode.
  27          // 2) Connect the EFM8BB3 STK board to a PC using a mini USB cable.
  28          // 3) Compile and download code to the EFM8BB3 STK board.
  29          //    In Simplicity Studio IDE, select Run -> Debug from the menu bar,
  30          //    click the Debug button in the quick menu, or press F11.
  31          // 4) On the PC, open HyperTerminal (or any other terminal program) and connect
  32          //    to the JLink CDC UART Port at 115200 baud rate and 8-N-1.
  33          // 5) Run the code.
  34          //    In Simplicity Studio IDE, select Run -> Resume from the menu bar,
  35          //    click the Resume button in the quick menu, or press F8.
  36          // 6) Using a terminal program on the PC, input any number of lower-case
  37          //    characters, up to UART_BUFFERSIZE (default 64), followed by either
  38          //    a carriage return ('\r'), a newline character ('\n'), or a tilda ('~').
  39          //    The program will change the input characters to upper-case and output
  40          //    them over UART.
  41          //
C51 COMPILER V9.53.0.0   EFM8BB3_UART_INTERRUPT                                            05/07/2017 15:44:57 PAGE 2   

  42          // Target:         EFM8BB3
  43          // Tool chain:     Generic
  44          //
  45          // Release 0.1 (ST)
  46          //    - Initial Revision
  47          //    - 20 MAY 2015
  48          //
  49          
  50          //-----------------------------------------------------------------------------
  51          // Includes
  52          //-----------------------------------------------------------------------------
  53          #include <SI_EFM8BB3_Register_Enums.h>
  54          #include <SI_EFM8BB3_Defs.h>
  55          #include "retargetserial.h"
  56          #include "render.h"
  57          #include "../lib/bsp/efm8_memory_lcd/inc/render-extended.h"
  58          #include "disp.h"
  59          //#include "spi.h"
  60          #include "InitDevice.h"
  61          
  62          //-----------------------------------------------------------------------------
  63          // Pin Definitions
  64          //-----------------------------------------------------------------------------
  65          SI_SBIT (DISP_EN, SFR_P3, 4);          // Display Enable
  66          #define DISP_BC_DRIVEN   0             // 0 = Board Controller drives display
  67          #define DISP_EFM8_DRIVEN 1             // 1 = EFM8 drives display
  68          
  69          SI_SBIT (BC_EN, SFR_P2, 2);            // Board Controller Enable
  70          #define BC_DISCONNECTED 0              // 0 = Board Controller disconnected
  71                                                 //     to EFM8 UART pins
  72          #define BC_CONNECTED    1              // 1 = Board Controller connected
  73                                                 //     to EFM8 UART pins
  74          
  75          //-----------------------------------------------------------------------------
  76          // Global Variables
  77          //-----------------------------------------------------------------------------
  78          // Variables in Interrupts.c
  79          unsigned char xdata textBuffer[520];
  80          int bufOffset = 0;
  81          int bufLen = 0;
  82          
  83          //-----------------------------------------------------------------------------
  84          // Main Routine
  85          //-----------------------------------------------------------------------------
  86          SI_INTERRUPT (UART0_ISR, UART0_IRQn)
  87          {
  88   1              int endOffset;
  89   1              if(P1_B4 == 0){
  90   2                              P1_B4 = 1;
  91   2                              P1_B5 = 1;
  92   2                              P1_B6 = 1;
  93   2                      }
  94   1                      else{
  95   2                              P1_B4 = 0;
  96   2                              P1_B5 = 0;
  97   2                              P1_B6 = 0;
  98   2                      }
  99   1              while(SCON0_RI) {
 100   2                              SCON0_RI = 0;
 101   2                              endOffset = (bufOffset + bufLen)%520;
 102   2                              textBuffer[endOffset] = SBUF0;
 103   2              if(bufLen < 520) bufLen++; else bufOffset++;
 104   2                      }
C51 COMPILER V9.53.0.0   EFM8BB3_UART_INTERRUPT                                            05/07/2017 15:44:57 PAGE 3   

 105   1      }
 106          
 107          void main (void)
 108          {
 109   1         enter_DefaultMode_from_RESET();
 110   1      
 111   1         DISP_EN = DISP_EFM8_DRIVEN;           // EFM8 does not drive display
 112   1      
 113   1         BC_EN = BC_DISCONNECTED;               // Board controller connected to EFM8
 114   1                                             // UART pins
 115   1         IE_EA = 1;
 116   1      
 117   1         DISP_Init();
 118   1      
 119   1         renderAndWriteCenteredText(46, 1, "Hello");
 120   1      
 121   1         while(1)
 122   1         {
 123   2      
 124   2         }
 125   1      }


MODULE INFORMATION:   STATIC OVERLAYABLE
   CODE SIZE        =    159    ----
   CONSTANT SIZE    =      6    ----
   XDATA SIZE       =    520    ----
   PDATA SIZE       =   ----    ----
   DATA SIZE        =      4    ----
   IDATA SIZE       =   ----    ----
   BIT SIZE         =   ----    ----
   EDATA SIZE       =   ----    ----
   HDATA SIZE       =   ----    ----
   XDATA CONST SIZE =   ----    ----
   FAR CONST SIZE   =   ----    ----
END OF MODULE INFORMATION.


C51 COMPILATION COMPLETE.  0 WARNING(S),  0 ERROR(S)
