C51 COMPILER V9.53.0.0   RETARGETIO                                                        05/07/2017 18:59:57 PAGE 1   


C51 COMPILER V9.53.0.0, COMPILATION OF MODULE RETARGETIO
OBJECT MODULE PLACED IN .\lib/bsp/efm8_retargetserial/retargetio.OBJ
COMPILER INVOKED BY: Z:\Applications\Simplicity Studio.app\Contents\Eclipse\developer\toolchains\keil_8051\9.53\BIN\C51.
                    -exe /Applications/Simplicity Studio.app/Contents/Eclipse/developer/sdks/8051/v4.0.3/kits/common/drivers/efm8_retargetser
                    -ial/retargetio.c OMF2 SMALL DEBUG OBJECTEXTEND ROM(LARGE) WARNINGLEVEL(2) FLOATFUZZY(3) OPTIMIZE(8,SPEED) DEFINE(DEBUG=1
                    -) INTVECTOR(0X0000) INTPROMOTE INCDIR(/Users/rafi/SimplicityStudio/v4_workspace/UARTisticFucK/inc;/Users/rafi/Simplicity
                    -Studio/v4_workspace/UARTisticFucK/inc/config;/Applications/Simplicity Studio.app/Contents/Eclipse/developer/sdks/8051/v4
                    -.0.3//Device/EFM8BB3/peripheral_driver/inc;/Applications/Simplicity Studio.app/Contents/Eclipse/developer/sdks/8051/v4.0
                    -.3//kits/common/bsp;/Applications/Simplicity Studio.app/Contents/Eclipse/developer/sdks/8051/v4.0.3//kits/EFM8BB3_SLSTK2
                    -022A/config;/Applications/Simplicity Studio.app/Contents/Eclipse/developer/sdks/8051/v4.0.3//kits/common/drivers/efm8_me
                    -mory_lcd/inc;/Applications/Simplicity Studio.app/Contents/Eclipse/developer/sdks/8051/v4.0.3//kits/common/drivers/efm8_m
                    -emory_lcd/inc/graphics;/Applications/Simplicity Studio.app/Contents/Eclipse/developer/sdks/8051/v4.0.3//kits/common/driv
                    -ers/efm8_memory_lcd/inc/config;/Applications/Simplicity Studio.app/Contents/Eclipse/developer/sdks/8051/v4.0.3//kits/com
                    -mon/drivers/efm8_joystick;/Applications/Simplicity Studio.app/Contents/Eclipse/developer/sdks/8051/v4.0.3//kits/common/d
                    -rivers/efm8_rgb_led;/Applications/Simplicity Studio.app/Contents/Eclipse/developer/sdks/8051/v4.0.3//Device/shared/si805
                    -1base;/Applications/Simplicity Studio.app/Contents/Eclipse/developer/sdks/8051/v4.0.3//Device/EFM8BB3/inc;/Applications/
                    -Simplicity Studio.app/Contents/Eclipse/developer/sdks/8051/v4.0.3//kits/common/drivers/efm8_retargetserial) PRINT(.\lib/
                    -bsp/efm8_retargetserial/retargetio.lst) COND PAGEWIDTH(120) PAGELENGTH(65) OBJECT(.\lib/bsp/efm8_retargetserial/retarget
                    -io.OBJ)

line level    source

   1          /////////////////////////////////////////////////////////////////////////////
   2          // retargetio.c
   3          /////////////////////////////////////////////////////////////////////////////
   4          
   5          #if defined __C51__
   6          
   7          extern char RETARGET_ReadChar(void);
   8          extern char RETARGET_WriteChar(char c);
   9          
  10          char _getkey ()  {
  11   1        return(RETARGET_ReadChar());
  12   1      }
  13          
  14          char putchar (char c)
  15          {
  16   1        return(RETARGET_WriteChar(c));
  17   1      }
  18          
  19          #elif defined __ICC8051__
              
              extern int RETARGET_ReadChar(void);
              extern int RETARGET_WriteChar(int c);
              
              int getchar(void){
                return(RETARGET_ReadChar());
              }
              
              int putchar(int c)
              {
                return(RETARGET_WriteChar(c));
              }
              
              #endif


MODULE INFORMATION:   STATIC OVERLAYABLE
   CODE SIZE        =      8    ----
   CONSTANT SIZE    =   ----    ----
   XDATA SIZE       =   ----    ----
   PDATA SIZE       =   ----    ----
C51 COMPILER V9.53.0.0   RETARGETIO                                                        05/07/2017 18:59:57 PAGE 2   

   DATA SIZE        =   ----    ----
   IDATA SIZE       =   ----    ----
   BIT SIZE         =   ----    ----
   EDATA SIZE       =   ----    ----
   HDATA SIZE       =   ----    ----
   XDATA CONST SIZE =   ----    ----
   FAR CONST SIZE   =   ----    ----
END OF MODULE INFORMATION.


C51 COMPILATION COMPLETE.  0 WARNING(S),  0 ERROR(S)
