C51 COMPILER V9.53.0.0   JOYSTICK                                                          05/08/2017 17:55:02 PAGE 1   


C51 COMPILER V9.53.0.0, COMPILATION OF MODULE JOYSTICK
OBJECT MODULE PLACED IN .\lib/bsp/efm8_joystick/joystick.OBJ
COMPILER INVOKED BY: Z:\Applications\Simplicity Studio.app\Contents\Eclipse\developer\toolchains\keil_8051\9.53\BIN\C51.
                    -exe /Applications/Simplicity Studio.app/Contents/Eclipse/developer/sdks/8051/v4.0.3/kits/common/drivers/efm8_joystick/jo
                    -ystick.c OMF2 SMALL DEBUG OBJECTEXTEND ROM(LARGE) WARNINGLEVEL(2) FLOATFUZZY(3) OPTIMIZE(8,SPEED) DEFINE(DEBUG=1) INTVEC
                    -TOR(0X0000) INTPROMOTE INCDIR(/Users/rafi/SimplicityStudio/v4_workspace/UARTisticFucK/inc;/Applications/Simplicity Studi
                    -o.app/Contents/Eclipse/developer/sdks/8051/v4.0.3//kits/common/drivers/efm8_memory_lcd/inc/config;/Applications/Simplici
                    -ty Studio.app/Contents/Eclipse/developer/sdks/8051/v4.0.3//kits/EFM8BB3_SLSTK2022A/config;/Applications/Simplicity Studi
                    -o.app/Contents/Eclipse/developer/sdks/8051/v4.0.3//kits/common/bsp;/Applications/Simplicity Studio.app/Contents/Eclipse/
                    -developer/sdks/8051/v4.0.3//Device/EFM8BB3/peripheral_driver/inc;/Applications/Simplicity Studio.app/Contents/Eclipse/de
                    -veloper/sdks/8051/v4.0.3//kits/common/drivers/efm8_memory_lcd/inc;/Applications/Simplicity Studio.app/Contents/Eclipse/d
                    -eveloper/sdks/8051/v4.0.3//kits/common/drivers/efm8_memory_lcd/inc/graphics;/Applications/Simplicity Studio.app/Contents
                    -/Eclipse/developer/sdks/8051/v4.0.3//kits/common/drivers/efm8_joystick;/Applications/Simplicity Studio.app/Contents/Ecli
                    -pse/developer/sdks/8051/v4.0.3//Device/shared/si8051base;/Applications/Simplicity Studio.app/Contents/Eclipse/developer/
                    -sdks/8051/v4.0.3//Device/EFM8BB3/inc;/Applications/Simplicity Studio.app/Contents/Eclipse/developer/sdks/8051/v4.0.3//ki
                    -ts/common/drivers/efm8_retargetserial) PRINT(.\lib/bsp/efm8_joystick/joystick.lst) COND PAGEWIDTH(120) PAGELENGTH(65) OB
                    -JECT(.\lib/bsp/efm8_joystick/joystick.OBJ)

line level    source

   1          /////////////////////////////////////////////////////////////////////////////
   2          // joystick.c
   3          /////////////////////////////////////////////////////////////////////////////
   4          
   5          
   6          /////////////////////////////////////////////////////////////////////////////
   7          // Includes
   8          /////////////////////////////////////////////////////////////////////////////
   9          
  10          #include "bsp.h"
  11          #include "joystick.h"
*** WARNING C318 IN LINE 18 OF /Applications/Simplicity Studio.app/Contents/Eclipse/developer/sdks/8051/v4.0.3//kits/com
             -mon/drivers/efm8_joystick\joystick.h: can't open file 'joystick_config.h'
  12          
  13          /////////////////////////////////////////////////////////////////////////////
  14          // Global Functions
  15          /////////////////////////////////////////////////////////////////////////////
  16          
  17          //-----------------------------------------------------------------------------
  18          // JOYSTICK_convert_mv_to_direction
  19          //-----------------------------------------------------------------------------
  20          //
  21          // Converts ADC voltage (in mV) to cardinal/secondary direction. Direction is
  22          // saved to joystickDirection global.
  23          //
  24          // This function should be called after a new ADC sample is ready.
  25          //
  26          // This function calls Voltmeter_direction_isr(), a 2nd level interrupt defined
  27          // in the demo.
  28          //
  29          // mV - joystick voltage in millivolts (0 - 3300)
  30          //
  31          //-----------------------------------------------------------------------------
  32          uint8_t JOYSTICK_convert_mv_to_direction(uint32_t mV)
  33          {
  34   1          uint8_t joystickDirection;
  35   1      
  36   1          // determine which direction pad was pressed
  37   1          if ((mV <= JOYSTICK_MV_C + JOYSTICK_MV_ERROR))
  38   1          {
  39   2            joystickDirection = JOYSTICK_C;
  40   2          }
C51 COMPILER V9.53.0.0   JOYSTICK                                                          05/08/2017 17:55:02 PAGE 2   

  41   1          else if ((mV >= JOYSTICK_MV_N - JOYSTICK_MV_ERROR) && \
  42   1                   (mV <= JOYSTICK_MV_N + JOYSTICK_MV_ERROR))
  43   1          {
  44   2            joystickDirection = JOYSTICK_N;
  45   2          }
  46   1          else if ((mV >= JOYSTICK_MV_E - JOYSTICK_MV_ERROR) && \
  47   1                   (mV <= JOYSTICK_MV_E + JOYSTICK_MV_ERROR))
  48   1          {
  49   2            joystickDirection = JOYSTICK_E;
  50   2          }
  51   1          else if ((mV >= JOYSTICK_MV_S - JOYSTICK_MV_ERROR) && \
  52   1                   (mV <= JOYSTICK_MV_S + JOYSTICK_MV_ERROR))
  53   1          {
  54   2            joystickDirection = JOYSTICK_S;
  55   2          }
  56   1          else if ((mV >= JOYSTICK_MV_W - JOYSTICK_MV_ERROR) && \
  57   1                   (mV <= JOYSTICK_MV_W + JOYSTICK_MV_ERROR))
  58   1          {
  59   2            joystickDirection = JOYSTICK_W;
  60   2          }
  61   1      #if JOYSTICK_DIRECTIONS == CARDINAL_AND_SECONDARY
                  else if ((mV >= JOYSTICK_MV_NE - JOYSTICK_MV_ERROR) && \
                           (mV <= JOYSTICK_MV_NE + JOYSTICK_MV_ERROR))
                  {
                    joystickDirection = JOYSTICK_NE;
                  }
                  else if ((mV >= JOYSTICK_MV_NW - JOYSTICK_MV_ERROR) && \
                           (mV <= JOYSTICK_MV_NW + JOYSTICK_MV_ERROR))
                  {
                    joystickDirection = JOYSTICK_NW;
                  }
                  else if ((mV >= JOYSTICK_MV_SE - JOYSTICK_MV_ERROR) && \
                           (mV <= JOYSTICK_MV_SE + JOYSTICK_MV_ERROR))
                  {
                    joystickDirection = JOYSTICK_SE;
                  }
                  else if ((mV >= JOYSTICK_MV_SW - JOYSTICK_MV_ERROR) && \
                           (mV <= JOYSTICK_MV_SW + JOYSTICK_MV_ERROR))
                  {
                    joystickDirection = JOYSTICK_SW;
                  }
              #endif
  83   1          else
  84   1          {
  85   2            joystickDirection = JOYSTICK_NONE;
  86   2          }
  87   1      
  88   1          return joystickDirection;
  89   1      }


MODULE INFORMATION:   STATIC OVERLAYABLE
   CODE SIZE        =    204    ----
   CONSTANT SIZE    =   ----    ----
   XDATA SIZE       =   ----    ----
   PDATA SIZE       =   ----    ----
   DATA SIZE        =   ----       5
   IDATA SIZE       =   ----    ----
   BIT SIZE         =   ----    ----
   EDATA SIZE       =   ----    ----
   HDATA SIZE       =   ----    ----
   XDATA CONST SIZE =   ----    ----
   FAR CONST SIZE   =   ----    ----
C51 COMPILER V9.53.0.0   JOYSTICK                                                          05/08/2017 17:55:02 PAGE 3   

END OF MODULE INFORMATION.


C51 COMPILATION COMPLETE.  1 WARNING(S),  0 ERROR(S)
